#
# There is insufficient memory for the Java Runtime Environment to continue.
# Native memory allocation (mmap) failed to map 42991616 bytes for G1 virtual space
# Possible reasons:
#   The system is out of physical RAM or swap space
#   The process is running with CompressedOops enabled, and the Java Heap may be blocking the growth of the native heap
# Possible solutions:
#   Reduce memory load on the system
#   Increase physical memory or swap space
#   Check if swap backing store is full
#   Decrease Java heap size (-Xmx/-Xms)
#   Decrease number of Java threads
#   Decrease Java thread stack sizes (-Xss)
#   Set larger code cache with -XX:ReservedCodeCacheSize=
#   JVM is running with Unscaled Compressed Oops mode in which the Java heap is
#     placed in the first 4GB address space. The Java Heap base address is the
#     maximum limit for the native heap growth. Please use -XX:HeapBaseMinAddress
#     to set the Java Heap base and to place the Java Heap above 4GB virtual address.
# This output file may be truncated or incomplete.
#
#  Out of Memory Error (os_windows.cpp:3769), pid=16732, tid=7016
#
# JRE version: OpenJDK Runtime Environment (17.0.6) (build 17.0.6+0-b2043.56-10027231)
# Java VM: OpenJDK 64-Bit Server VM (17.0.6+0-b2043.56-10027231, mixed mode, tiered, compressed oops, compressed class ptrs, g1 gc, windows-amd64)
# No core dump will be written. Minidumps are not enabled by default on client versions of Windows
#

---------------  S U M M A R Y ------------

Command Line: --add-opens=java.base/java.util=ALL-UNNAMED --add-opens=java.base/java.lang=ALL-UNNAMED --add-opens=java.base/java.lang.invoke=ALL-UNNAMED --add-opens=java.base/java.util=ALL-UNNAMED --add-opens=java.prefs/java.util.prefs=ALL-UNNAMED --add-opens=java.prefs/java.util.prefs=ALL-UNNAMED --add-opens=java.base/java.nio.charset=ALL-UNNAMED --add-opens=java.base/java.net=ALL-UNNAMED --add-opens=java.base/java.util.concurrent.atomic=ALL-UNNAMED -Xmx2048m -Dfile.encoding=UTF-8 -Duser.country=US -Duser.language=en -Duser.variant org.gradle.launcher.daemon.bootstrap.GradleDaemon 7.5

Host: 11th Gen Intel(R) Core(TM) i5-1135G7 @ 2.40GHz, 8 cores, 11G,  Windows 11 , 64 bit Build 22621 (10.0.22621.2506)
Time: Fri Dec  1 01:48:48 2023 West Asia Standard Time elapsed time: 180.908226 seconds (0d 0h 3m 0s)

---------------  T H R E A D  ---------------

Current thread (0x00000240473e2d00):  VMThread "VM Thread" [stack: 0x000000816d300000,0x000000816d400000] [id=7016]

Stack: [0x000000816d300000,0x000000816d400000]
Native frames: (J=compiled Java code, j=interpreted, Vv=VM code, C=native code)
V  [jvm.dll+0x683c9a]
V  [jvm.dll+0x8427a4]
V  [jvm.dll+0x843f9e]
V  [jvm.dll+0x844603]
V  [jvm.dll+0x249b75]
V  [jvm.dll+0x680b69]
V  [jvm.dll+0x67505a]
V  [jvm.dll+0x309acb]
V  [jvm.dll+0x310f86]
V  [jvm.dll+0x3608ee]
V  [jvm.dll+0x360b1f]
V  [jvm.dll+0x2dfbf8]
V  [jvm.dll+0x2ddec4]
V  [jvm.dll+0x2dd4cc]
V  [jvm.dll+0x321f3b]
V  [jvm.dll+0x848ccb]
V  [jvm.dll+0x849a04]
V  [jvm.dll+0x849f1d]
V  [jvm.dll+0x84a2f4]
V  [jvm.dll+0x84a3c0]
V  [jvm.dll+0x7f274a]
V  [jvm.dll+0x682ad5]
C  [ucrtbase.dll+0x29363]
C  [KERNEL32.DLL+0x1257d]
C  [ntdll.dll+0x5aa58]

VM_Operation (0x000000816ecf4c20): G1CollectForAllocation, mode: safepoint, requested by thread 0x0000024049827c50


---------------  P R O C E S S  ---------------

Threads class SMR info:
_java_thread_list=0x000002404e6d1670, length=41, elements={
0x000002402d5bcb00, 0x000002404803a020, 0x000002404803abd0, 0x0000024048027020,
0x0000024048050010, 0x0000024048050ee0, 0x00000240480537b0, 0x0000024048054490,
0x0000024048054f30, 0x000002404805b870, 0x00000240481d7c60, 0x00000240481d8950,
0x0000024049829460, 0x000002404982ac70, 0x000002404982a2d0, 0x000002404982b140,
0x0000024049827780, 0x0000024049829e00, 0x0000024049827c50, 0x000002404982a7a0,
0x00000240498285f0, 0x0000024049828ac0, 0x0000024049828f90, 0x0000024049829930,
0x000002404c02edb0, 0x000002404c02d0d0, 0x000002404c02e410, 0x000002404c02da70,
0x000002404c032c40, 0x000002404c030a90, 0x000002404c033110, 0x000002404c02cc00,
0x000002404c02c730, 0x000002404c0322a0, 0x000002404c032770, 0x000002404c030f60,
0x000002404c031900, 0x000002404c031dd0, 0x000002404c0335e0, 0x000002404c02e8e0,
0x000002404c02f750
}

Java Threads: ( => current thread )
  0x000002402d5bcb00 JavaThread "main" [_thread_blocked, id=15192, stack(0x000000816cd00000,0x000000816ce00000)]
  0x000002404803a020 JavaThread "Reference Handler" daemon [_thread_blocked, id=11488, stack(0x000000816d400000,0x000000816d500000)]
  0x000002404803abd0 JavaThread "Finalizer" daemon [_thread_blocked, id=14620, stack(0x000000816d500000,0x000000816d600000)]
  0x0000024048027020 JavaThread "Signal Dispatcher" daemon [_thread_blocked, id=17328, stack(0x000000816d600000,0x000000816d700000)]
  0x0000024048050010 JavaThread "Attach Listener" daemon [_thread_blocked, id=2396, stack(0x000000816d700000,0x000000816d800000)]
  0x0000024048050ee0 JavaThread "Service Thread" daemon [_thread_blocked, id=9532, stack(0x000000816d800000,0x000000816d900000)]
  0x00000240480537b0 JavaThread "Monitor Deflation Thread" daemon [_thread_blocked, id=16196, stack(0x000000816d900000,0x000000816da00000)]
  0x0000024048054490 JavaThread "C2 CompilerThread0" daemon [_thread_blocked, id=15968, stack(0x000000816da00000,0x000000816db00000)]
  0x0000024048054f30 JavaThread "C1 CompilerThread0" daemon [_thread_blocked, id=4392, stack(0x000000816db00000,0x000000816dc00000)]
  0x000002404805b870 JavaThread "Sweeper thread" daemon [_thread_blocked, id=10852, stack(0x000000816dc00000,0x000000816dd00000)]
  0x00000240481d7c60 JavaThread "Common-Cleaner" daemon [_thread_blocked, id=17152, stack(0x000000816dd00000,0x000000816de00000)]
  0x00000240481d8950 JavaThread "Notification Thread" daemon [_thread_blocked, id=3316, stack(0x000000816de00000,0x000000816df00000)]
  0x0000024049829460 JavaThread "Daemon health stats" [_thread_blocked, id=12928, stack(0x000000816e600000,0x000000816e700000)]
  0x000002404982ac70 JavaThread "Incoming local TCP Connector on port 50930" [_thread_in_native, id=14600, stack(0x000000816e700000,0x000000816e800000)]
  0x000002404982a2d0 JavaThread "Daemon periodic checks" [_thread_blocked, id=12832, stack(0x000000816e800000,0x000000816e900000)]
  0x000002404982b140 JavaThread "Daemon" [_thread_blocked, id=2628, stack(0x000000816e900000,0x000000816ea00000)]
  0x0000024049827780 JavaThread "Handler for socket connection from /127.0.0.1:50930 to /127.0.0.1:50931" [_thread_in_native, id=15012, stack(0x000000816ea00000,0x000000816eb00000)]
  0x0000024049829e00 JavaThread "Cancel handler" [_thread_blocked, id=9184, stack(0x000000816eb00000,0x000000816ec00000)]
  0x0000024049827c50 JavaThread "Daemon worker" [_thread_blocked, id=17204, stack(0x000000816ec00000,0x000000816ed00000)]
  0x000002404982a7a0 JavaThread "Asynchronous log dispatcher for DefaultDaemonConnection: socket connection from /127.0.0.1:50930 to /127.0.0.1:50931" [_thread_blocked, id=15268, stack(0x000000816ed00000,0x000000816ee00000)]
  0x00000240498285f0 JavaThread "Daemon client event forwarder" [_thread_blocked, id=8360, stack(0x000000816ef00000,0x000000816f000000)]
  0x0000024049828ac0 JavaThread "Cache worker for journal cache (C:\Users\SUMBAR\.gradle\caches\journal-1)" [_thread_blocked, id=16148, stack(0x000000816f000000,0x000000816f100000)]
  0x0000024049828f90 JavaThread "File lock request listener" [_thread_in_native, id=15484, stack(0x000000816f100000,0x000000816f200000)]
  0x0000024049829930 JavaThread "Cache worker for file hash cache (C:\Users\SUMBAR\.gradle\caches\7.5\fileHashes)" [_thread_blocked, id=2108, stack(0x000000816f600000,0x000000816f700000)]
  0x000002404c02edb0 JavaThread "File watcher server" daemon [_thread_in_native, id=12320, stack(0x000000816f700000,0x000000816f800000)]
  0x000002404c02d0d0 JavaThread "File watcher consumer" daemon [_thread_blocked, id=16544, stack(0x000000816f800000,0x000000816f900000)]
  0x000002404c02e410 JavaThread "jar transforms" [_thread_blocked, id=9924, stack(0x000000816f900000,0x000000816fa00000)]
  0x000002404c02da70 JavaThread "jar transforms Thread 2" [_thread_blocked, id=1300, stack(0x000000816fa00000,0x000000816fb00000)]
  0x000002404c032c40 JavaThread "jar transforms Thread 3" [_thread_blocked, id=16792, stack(0x000000816fb00000,0x000000816fc00000)]
  0x000002404c030a90 JavaThread "jar transforms Thread 4" [_thread_blocked, id=8404, stack(0x000000816fc00000,0x000000816fd00000)]
  0x000002404c033110 JavaThread "jar transforms Thread 5" [_thread_blocked, id=13880, stack(0x000000816fd00000,0x000000816fe00000)]
  0x000002404c02cc00 JavaThread "jar transforms Thread 6" [_thread_blocked, id=16904, stack(0x000000816fe00000,0x000000816ff00000)]
  0x000002404c02c730 JavaThread "jar transforms Thread 7" [_thread_blocked, id=8772, stack(0x000000816ff00000,0x0000008170000000)]
  0x000002404c0322a0 JavaThread "jar transforms Thread 8" [_thread_blocked, id=15532, stack(0x0000008170000000,0x0000008170100000)]
  0x000002404c032770 JavaThread "Cache worker for checksums cache (D:\lenovo\Desktop\Files\AndroidStudioProjects\CRM dublicate\.gradle\7.5\checksums)" [_thread_blocked, id=15896, stack(0x0000008170100000,0x0000008170200000)]
  0x000002404c030f60 JavaThread "Cache worker for cache directory md-rule (C:\Users\SUMBAR\.gradle\caches\7.5\md-rule)" [_thread_blocked, id=16540, stack(0x0000008170200000,0x0000008170300000)]
  0x000002404c031900 JavaThread "Cache worker for file content cache (C:\Users\SUMBAR\.gradle\caches\7.5\fileContent)" [_thread_blocked, id=2792, stack(0x0000008170300000,0x0000008170400000)]
  0x000002404c031dd0 JavaThread "Cache worker for file hash cache (D:\lenovo\Desktop\Files\AndroidStudioProjects\CRM dublicate\.gradle\7.5\fileHashes)" [_thread_blocked, id=13032, stack(0x0000008170400000,0x0000008170500000)]
  0x000002404c0335e0 JavaThread "Cache worker for cache directory md-supplier (C:\Users\SUMBAR\.gradle\caches\7.5\md-supplier)" [_thread_blocked, id=9736, stack(0x0000008170500000,0x0000008170600000)]
  0x000002404c02e8e0 JavaThread "Cache worker for execution history cache (C:\Users\SUMBAR\.gradle\caches\7.5\executionHistory)" [_thread_blocked, id=8328, stack(0x0000008170600000,0x0000008170700000)]
  0x000002404c02f750 JavaThread "Cache worker for dependencies-accessors (D:\lenovo\Desktop\Files\AndroidStudioProjects\CRM dublicate\.gradle\7.5\dependencies-accessors)" [_thread_blocked, id=16652, stack(0x0000008170800000,0x0000008170900000)]

Other Threads:
=>0x00000240473e2d00 VMThread "VM Thread" [stack: 0x000000816d300000,0x000000816d400000] [id=7016]
  0x000002402d645020 WatcherThread [stack: 0x000000816df00000,0x000000816e000000] [id=7792]
  0x000002402d616710 GCTaskThread "GC Thread#0" [stack: 0x000000816ce00000,0x000000816cf00000] [id=10508]
  0x00000240489278d0 GCTaskThread "GC Thread#1" [stack: 0x000000816e200000,0x000000816e300000] [id=4688]
  0x00000240489268b0 GCTaskThread "GC Thread#2" [stack: 0x000000816e300000,0x000000816e400000] [id=10680]
  0x00000240489260a0 GCTaskThread "GC Thread#3" [stack: 0x000000816e400000,0x000000816e500000] [id=16772]
  0x0000024048926350 GCTaskThread "GC Thread#4" [stack: 0x000000816e000000,0x000000816e100000] [id=13280]
  0x0000024048927370 GCTaskThread "GC Thread#5" [stack: 0x000000816f200000,0x000000816f300000] [id=9032]
  0x0000024048926600 GCTaskThread "GC Thread#6" [stack: 0x000000816f300000,0x000000816f400000] [id=16500]
  0x0000024048926e10 GCTaskThread "GC Thread#7" [stack: 0x000000816f400000,0x000000816f500000] [id=13480]
  0x000002402d6274f0 ConcurrentGCThread "G1 Main Marker" [stack: 0x000000816cf00000,0x000000816d000000] [id=11140]
  0x000002402d627da0 ConcurrentGCThread "G1 Conc#0" [stack: 0x000000816d000000,0x000000816d100000] [id=7972]
  0x000002404aabedd0 ConcurrentGCThread "G1 Conc#1" [stack: 0x000000816f500000,0x000000816f600000] [id=14756]
  0x000002402d67d710 ConcurrentGCThread "G1 Refine#0" [stack: 0x000000816d100000,0x000000816d200000] [id=14144]
  0x000002404de90ef0 ConcurrentGCThread "G1 Refine#1" [stack: 0x0000008170700000,0x0000008170800000] [id=13152]
  0x000002402d67dfd0 ConcurrentGCThread "G1 Service" [stack: 0x000000816d200000,0x000000816d300000] [id=16804]

Threads with active compile tasks:
C2 CompilerThread0   180943 5202       4       java.lang.StackTraceElement::toString (322 bytes)

VM state: at safepoint (normal execution)

VM Mutex/Monitor currently owned by a thread:  ([mutex/lock_event])
[0x000002402d5ba330] Threads_lock - owner thread: 0x00000240473e2d00
[0x000002402d5bb020] Heap_lock - owner thread: 0x0000024049827c50

Heap address: 0x0000000080000000, size: 2048 MB, Compressed Oops mode: 32-bit

CDS archive(s) not mapped
Compressed class space mapped at: 0x0000000100000000-0x0000000140000000, reserved size: 1073741824
Narrow klass base: 0x0000000000000000, Narrow klass shift: 3, Narrow klass range: 0x140000000

GC Precious Log:
 CPUs: 8 total, 8 available
 Memory: 12087M
 Large Page Support: Disabled
 NUMA Support: Disabled
 Compressed Oops: Enabled (32-bit)
 Heap Region Size: 1M
 Heap Min Capacity: 8M
 Heap Initial Capacity: 190M
 Heap Max Capacity: 2G
 Pre-touch: Disabled
 Parallel Workers: 8
 Concurrent Workers: 2
 Concurrent Refinement Workers: 8
 Periodic GC: Disabled

Heap:
 garbage-first heap   total 194560K, used 73401K [0x0000000080000000, 0x0000000100000000)
  region size 1024K, 3 young (3072K), 3 survivors (3072K)
 Metaspace       used 56613K, committed 57088K, reserved 1105920K
  class space    used 7528K, committed 7744K, reserved 1048576K

Heap Regions: E=young(eden), S=young(survivor), O=old, HS=humongous(starts), HC=humongous(continues), CS=collection set, F=free, OA=open archive, CA=closed archive, TAMS=top-at-mark-start (previous, next)
|   0|0x0000000080000000, 0x0000000080100000, 0x0000000080100000|100%| O|  |TAMS 0x0000000080100000, 0x0000000080100000| Untracked 
|   1|0x0000000080100000, 0x0000000080200000, 0x0000000080200000|100%| O|  |TAMS 0x0000000080200000, 0x0000000080200000| Untracked 
|   2|0x0000000080200000, 0x0000000080300000, 0x0000000080300000|100%| O|  |TAMS 0x0000000080300000, 0x0000000080300000| Untracked 
|   3|0x0000000080300000, 0x0000000080400000, 0x0000000080400000|100%|HS|  |TAMS 0x0000000080400000, 0x0000000080400000| Complete 
|   4|0x0000000080400000, 0x0000000080500000, 0x0000000080500000|100%|HC|  |TAMS 0x0000000080500000, 0x0000000080500000| Complete 
|   5|0x0000000080500000, 0x0000000080600000, 0x0000000080600000|100%|HC|  |TAMS 0x0000000080600000, 0x0000000080600000| Complete 
|   6|0x0000000080600000, 0x0000000080700000, 0x0000000080700000|100%| O|  |TAMS 0x0000000080700000, 0x0000000080700000| Untracked 
|   7|0x0000000080700000, 0x0000000080800000, 0x0000000080800000|100%| O|  |TAMS 0x0000000080800000, 0x0000000080800000| Untracked 
|   8|0x0000000080800000, 0x0000000080900000, 0x0000000080900000|100%| O|  |TAMS 0x0000000080900000, 0x0000000080900000| Untracked 
|   9|0x0000000080900000, 0x0000000080a00000, 0x0000000080a00000|100%| O|  |TAMS 0x0000000080a00000, 0x0000000080a00000| Untracked 
|  10|0x0000000080a00000, 0x0000000080b00000, 0x0000000080b00000|100%| O|  |TAMS 0x0000000080a00000, 0x0000000080b00000| Untracked 
|  11|0x0000000080b00000, 0x0000000080c00000, 0x0000000080c00000|100%| O|  |TAMS 0x0000000080c00000, 0x0000000080c00000| Untracked 
|  12|0x0000000080c00000, 0x0000000080d00000, 0x0000000080d00000|100%| O|  |TAMS 0x0000000080d00000, 0x0000000080d00000| Untracked 
|  13|0x0000000080d00000, 0x0000000080e00000, 0x0000000080e00000|100%| O|  |TAMS 0x0000000080e00000, 0x0000000080e00000| Untracked 
|  14|0x0000000080e00000, 0x0000000080f00000, 0x0000000080f00000|100%| O|  |TAMS 0x0000000080f00000, 0x0000000080f00000| Untracked 
|  15|0x0000000080f00000, 0x0000000081000000, 0x0000000081000000|100%| O|  |TAMS 0x0000000081000000, 0x0000000081000000| Untracked 
|  16|0x0000000081000000, 0x0000000081100000, 0x0000000081100000|100%| O|  |TAMS 0x0000000081100000, 0x0000000081100000| Untracked 
|  17|0x0000000081100000, 0x0000000081200000, 0x0000000081200000|100%| O|  |TAMS 0x0000000081200000, 0x0000000081200000| Untracked 
|  18|0x0000000081200000, 0x0000000081300000, 0x0000000081300000|100%|HS|  |TAMS 0x0000000081300000, 0x0000000081300000| Complete 
|  19|0x0000000081300000, 0x0000000081400000, 0x0000000081400000|100%|HC|  |TAMS 0x0000000081400000, 0x0000000081400000| Complete 
|  20|0x0000000081400000, 0x0000000081500000, 0x0000000081500000|100%|HS|  |TAMS 0x0000000081500000, 0x0000000081500000| Complete 
|  21|0x0000000081500000, 0x0000000081600000, 0x0000000081600000|100%|HC|  |TAMS 0x0000000081600000, 0x0000000081600000| Complete 
|  22|0x0000000081600000, 0x0000000081700000, 0x0000000081700000|100%|HC|  |TAMS 0x0000000081700000, 0x0000000081700000| Complete 
|  23|0x0000000081700000, 0x0000000081800000, 0x0000000081800000|100%| O|  |TAMS 0x0000000081800000, 0x0000000081800000| Untracked 
|  24|0x0000000081800000, 0x0000000081900000, 0x0000000081900000|100%| O|  |TAMS 0x0000000081900000, 0x0000000081900000| Untracked 
|  25|0x0000000081900000, 0x0000000081a00000, 0x0000000081a00000|100%| O|  |TAMS 0x0000000081a00000, 0x0000000081a00000| Untracked 
|  26|0x0000000081a00000, 0x0000000081b00000, 0x0000000081b00000|100%| O|  |TAMS 0x0000000081b00000, 0x0000000081b00000| Untracked 
|  27|0x0000000081b00000, 0x0000000081c00000, 0x0000000081c00000|100%|HS|  |TAMS 0x0000000081c00000, 0x0000000081c00000| Complete 
|  28|0x0000000081c00000, 0x0000000081d00000, 0x0000000081d00000|100%|HC|  |TAMS 0x0000000081d00000, 0x0000000081d00000| Complete 
|  29|0x0000000081d00000, 0x0000000081e00000, 0x0000000081e00000|100%|HC|  |TAMS 0x0000000081e00000, 0x0000000081e00000| Complete 
|  30|0x0000000081e00000, 0x0000000081f00000, 0x0000000081f00000|100%|HS|  |TAMS 0x0000000081f00000, 0x0000000081f00000| Complete 
|  31|0x0000000081f00000, 0x0000000082000000, 0x0000000082000000|100%|HC|  |TAMS 0x0000000082000000, 0x0000000082000000| Complete 
|  32|0x0000000082000000, 0x0000000082100000, 0x0000000082100000|100%|HC|  |TAMS 0x0000000082100000, 0x0000000082100000| Complete 
|  33|0x0000000082100000, 0x0000000082200000, 0x0000000082200000|100%|HC|  |TAMS 0x0000000082200000, 0x0000000082200000| Complete 
|  34|0x0000000082200000, 0x0000000082300000, 0x0000000082300000|100%|HC|  |TAMS 0x0000000082300000, 0x0000000082300000| Complete 
|  35|0x0000000082300000, 0x0000000082400000, 0x0000000082400000|100%|HC|  |TAMS 0x0000000082400000, 0x0000000082400000| Complete 
|  36|0x0000000082400000, 0x0000000082500000, 0x0000000082500000|100%|HC|  |TAMS 0x0000000082500000, 0x0000000082500000| Complete 
|  37|0x0000000082500000, 0x0000000082600000, 0x0000000082600000|100%|HC|  |TAMS 0x0000000082600000, 0x0000000082600000| Complete 
|  38|0x0000000082600000, 0x0000000082700000, 0x0000000082700000|100%|HC|  |TAMS 0x0000000082700000, 0x0000000082700000| Complete 
|  39|0x0000000082700000, 0x0000000082800000, 0x0000000082800000|100%|HC|  |TAMS 0x0000000082800000, 0x0000000082800000| Complete 
|  40|0x0000000082800000, 0x0000000082900000, 0x0000000082900000|100%|HC|  |TAMS 0x0000000082900000, 0x0000000082900000| Complete 
|  41|0x0000000082900000, 0x0000000082a00000, 0x0000000082a00000|100%|HC|  |TAMS 0x0000000082a00000, 0x0000000082a00000| Complete 
|  42|0x0000000082a00000, 0x0000000082b00000, 0x0000000082b00000|100%| O|  |TAMS 0x0000000082b00000, 0x0000000082b00000| Untracked 
|  43|0x0000000082b00000, 0x0000000082c00000, 0x0000000082c00000|100%| O|  |TAMS 0x0000000082c00000, 0x0000000082c00000| Untracked 
|  44|0x0000000082c00000, 0x0000000082d00000, 0x0000000082d00000|100%|HS|  |TAMS 0x0000000082d00000, 0x0000000082d00000| Complete 
|  45|0x0000000082d00000, 0x0000000082e00000, 0x0000000082e00000|100%|HC|  |TAMS 0x0000000082e00000, 0x0000000082e00000| Complete 
|  46|0x0000000082e00000, 0x0000000082f00000, 0x0000000082f00000|100%| O|  |TAMS 0x0000000082f00000, 0x0000000082f00000| Untracked 
|  47|0x0000000082f00000, 0x0000000083000000, 0x0000000083000000|100%| O|  |TAMS 0x0000000083000000, 0x0000000083000000| Untracked 
|  48|0x0000000083000000, 0x0000000083100000, 0x0000000083100000|100%| O|  |TAMS 0x0000000083100000, 0x0000000083100000| Untracked 
|  49|0x0000000083100000, 0x0000000083200000, 0x0000000083200000|100%| O|  |TAMS 0x0000000083200000, 0x0000000083200000| Untracked 
|  50|0x0000000083200000, 0x0000000083300000, 0x0000000083300000|100%| O|  |TAMS 0x0000000083300000, 0x0000000083300000| Untracked 
|  51|0x0000000083300000, 0x0000000083400000, 0x0000000083400000|100%| O|  |TAMS 0x0000000083400000, 0x0000000083400000| Untracked 
|  52|0x0000000083400000, 0x0000000083500000, 0x0000000083500000|100%| O|  |TAMS 0x0000000083500000, 0x0000000083500000| Untracked 
|  53|0x0000000083500000, 0x0000000083600000, 0x0000000083600000|100%|HS|  |TAMS 0x0000000083600000, 0x0000000083600000| Complete 
|  54|0x0000000083600000, 0x0000000083700000, 0x0000000083700000|100%|HC|  |TAMS 0x0000000083700000, 0x0000000083700000| Complete 
|  55|0x0000000083700000, 0x0000000083800000, 0x0000000083800000|100%|HC|  |TAMS 0x0000000083800000, 0x0000000083800000| Complete 
|  56|0x0000000083800000, 0x0000000083900000, 0x0000000083900000|100%| O|  |TAMS 0x0000000083900000, 0x0000000083900000| Untracked 
|  57|0x0000000083900000, 0x0000000083900000, 0x0000000083a00000|  0%| F|  |TAMS 0x0000000083900000, 0x0000000083900000| Untracked 
|  58|0x0000000083a00000, 0x0000000083b00000, 0x0000000083b00000|100%|HS|  |TAMS 0x0000000083b00000, 0x0000000083b00000| Complete 
|  59|0x0000000083b00000, 0x0000000083c00000, 0x0000000083c00000|100%|HC|  |TAMS 0x0000000083c00000, 0x0000000083c00000| Complete 
|  60|0x0000000083c00000, 0x0000000083d00000, 0x0000000083d00000|100%|HC|  |TAMS 0x0000000083d00000, 0x0000000083d00000| Complete 
|  61|0x0000000083d00000, 0x0000000083e00000, 0x0000000083e00000|100%| O|  |TAMS 0x0000000083e00000, 0x0000000083e00000| Untracked 
|  62|0x0000000083e00000, 0x0000000083f00000, 0x0000000083f00000|100%| O|  |TAMS 0x0000000083f00000, 0x0000000083f00000| Untracked 
|  63|0x0000000083f00000, 0x0000000084000000, 0x0000000084000000|100%| O|  |TAMS 0x0000000084000000, 0x0000000084000000| Untracked 
|  64|0x0000000084000000, 0x0000000084100000, 0x0000000084100000|100%| O|  |TAMS 0x0000000084100000, 0x0000000084100000| Untracked 
|  65|0x0000000084100000, 0x0000000084200000, 0x0000000084200000|100%| O|  |TAMS 0x0000000084200000, 0x0000000084200000| Untracked 
|  66|0x0000000084200000, 0x0000000084300000, 0x0000000084300000|100%| O|  |TAMS 0x00000000842c4800, 0x0000000084300000| Untracked 
|  67|0x0000000084300000, 0x0000000084400000, 0x0000000084400000|100%| O|  |TAMS 0x0000000084300000, 0x0000000084400000| Untracked 
|  68|0x0000000084400000, 0x0000000084500000, 0x0000000084500000|100%| O|  |TAMS 0x0000000084400000, 0x0000000084500000| Untracked 
|  69|0x0000000084500000, 0x0000000084600000, 0x0000000084600000|100%| O|  |TAMS 0x0000000084500000, 0x0000000084600000| Untracked 
|  70|0x0000000084600000, 0x0000000084622c00, 0x0000000084700000| 13%| O|  |TAMS 0x0000000084600000, 0x0000000084622c00| Untracked 
|  71|0x0000000084700000, 0x0000000084700000, 0x0000000084800000|  0%| F|  |TAMS 0x0000000084700000, 0x0000000084700000| Untracked 
|  72|0x0000000084800000, 0x0000000084800000, 0x0000000084900000|  0%| F|  |TAMS 0x0000000084800000, 0x0000000084800000| Untracked 
|  73|0x0000000084900000, 0x0000000084900000, 0x0000000084a00000|  0%| F|  |TAMS 0x0000000084900000, 0x0000000084900000| Untracked 
|  74|0x0000000084a00000, 0x0000000084a00000, 0x0000000084b00000|  0%| F|  |TAMS 0x0000000084a00000, 0x0000000084a00000| Untracked 
|  75|0x0000000084b00000, 0x0000000084b00000, 0x0000000084c00000|  0%| F|  |TAMS 0x0000000084b00000, 0x0000000084b00000| Untracked 
|  76|0x0000000084c00000, 0x0000000084c00000, 0x0000000084d00000|  0%| F|  |TAMS 0x0000000084c00000, 0x0000000084c00000| Untracked 
|  77|0x0000000084d00000, 0x0000000084d00000, 0x0000000084e00000|  0%| F|  |TAMS 0x0000000084d00000, 0x0000000084d00000| Untracked 
|  78|0x0000000084e00000, 0x0000000084e00000, 0x0000000084f00000|  0%| F|  |TAMS 0x0000000084e00000, 0x0000000084e00000| Untracked 
|  79|0x0000000084f00000, 0x0000000084f00000, 0x0000000085000000|  0%| F|  |TAMS 0x0000000084f00000, 0x0000000084f00000| Untracked 
|  80|0x0000000085000000, 0x0000000085000000, 0x0000000085100000|  0%| F|  |TAMS 0x0000000085000000, 0x0000000085000000| Untracked 
|  81|0x0000000085100000, 0x0000000085100000, 0x0000000085200000|  0%| F|  |TAMS 0x0000000085100000, 0x0000000085100000| Untracked 
|  82|0x0000000085200000, 0x0000000085200000, 0x0000000085300000|  0%| F|  |TAMS 0x0000000085200000, 0x0000000085200000| Untracked 
|  83|0x0000000085300000, 0x0000000085300000, 0x0000000085400000|  0%| F|  |TAMS 0x0000000085300000, 0x0000000085300000| Untracked 
|  84|0x0000000085400000, 0x0000000085400000, 0x0000000085500000|  0%| F|  |TAMS 0x0000000085400000, 0x0000000085400000| Untracked 
|  85|0x0000000085500000, 0x0000000085500000, 0x0000000085600000|  0%| F|  |TAMS 0x0000000085500000, 0x0000000085500000| Untracked 
|  86|0x0000000085600000, 0x0000000085600000, 0x0000000085700000|  0%| F|  |TAMS 0x0000000085600000, 0x0000000085600000| Untracked 
|  87|0x0000000085700000, 0x0000000085700000, 0x0000000085800000|  0%| F|  |TAMS 0x0000000085700000, 0x0000000085700000| Untracked 
|  88|0x0000000085800000, 0x0000000085800000, 0x0000000085900000|  0%| F|  |TAMS 0x0000000085800000, 0x0000000085800000| Untracked 
|  89|0x0000000085900000, 0x000000008598ba18, 0x0000000085a00000| 54%| S|CS|TAMS 0x0000000085900000, 0x0000000085900000| Complete 
|  90|0x0000000085a00000, 0x0000000085b00000, 0x0000000085b00000|100%| S|CS|TAMS 0x0000000085a00000, 0x0000000085a00000| Complete 
|  91|0x0000000085b00000, 0x0000000085c00000, 0x0000000085c00000|100%| S|CS|TAMS 0x0000000085b00000, 0x0000000085b00000| Complete 
|  92|0x0000000085c00000, 0x0000000085c00000, 0x0000000085d00000|  0%| F|  |TAMS 0x0000000085c00000, 0x0000000085c00000| Untracked 
|  93|0x0000000085d00000, 0x0000000085d00000, 0x0000000085e00000|  0%| F|  |TAMS 0x0000000085d00000, 0x0000000085d00000| Untracked 
|  94|0x0000000085e00000, 0x0000000085e00000, 0x0000000085f00000|  0%| F|  |TAMS 0x0000000085e00000, 0x0000000085e00000| Untracked 
|  95|0x0000000085f00000, 0x0000000085f00000, 0x0000000086000000|  0%| F|  |TAMS 0x0000000085f00000, 0x0000000085f00000| Untracked 
|  96|0x0000000086000000, 0x0000000086000000, 0x0000000086100000|  0%| F|  |TAMS 0x0000000086000000, 0x0000000086000000| Untracked 
|  97|0x0000000086100000, 0x0000000086100000, 0x0000000086200000|  0%| F|  |TAMS 0x0000000086100000, 0x0000000086100000| Untracked 
|  98|0x0000000086200000, 0x0000000086200000, 0x0000000086300000|  0%| F|  |TAMS 0x0000000086200000, 0x0000000086200000| Untracked 
|  99|0x0000000086300000, 0x0000000086300000, 0x0000000086400000|  0%| F|  |TAMS 0x0000000086300000, 0x0000000086300000| Untracked 
| 100|0x0000000086400000, 0x0000000086400000, 0x0000000086500000|  0%| F|  |TAMS 0x0000000086400000, 0x0000000086400000| Untracked 
| 101|0x0000000086500000, 0x0000000086500000, 0x0000000086600000|  0%| F|  |TAMS 0x0000000086500000, 0x0000000086500000| Untracked 
| 102|0x0000000086600000, 0x0000000086600000, 0x0000000086700000|  0%| F|  |TAMS 0x0000000086600000, 0x0000000086600000| Untracked 
| 103|0x0000000086700000, 0x0000000086700000, 0x0000000086800000|  0%| F|  |TAMS 0x0000000086700000, 0x0000000086700000| Untracked 
| 104|0x0000000086800000, 0x0000000086800000, 0x0000000086900000|  0%| F|  |TAMS 0x0000000086800000, 0x0000000086800000| Untracked 
| 105|0x0000000086900000, 0x0000000086900000, 0x0000000086a00000|  0%| F|  |TAMS 0x0000000086900000, 0x0000000086900000| Untracked 
| 106|0x0000000086a00000, 0x0000000086a00000, 0x0000000086b00000|  0%| F|  |TAMS 0x0000000086a00000, 0x0000000086a00000| Untracked 
| 107|0x0000000086b00000, 0x0000000086b00000, 0x0000000086c00000|  0%| F|  |TAMS 0x0000000086b00000, 0x0000000086b00000| Untracked 
| 108|0x0000000086c00000, 0x0000000086c00000, 0x0000000086d00000|  0%| F|  |TAMS 0x0000000086c00000, 0x0000000086c00000| Untracked 
| 109|0x0000000086d00000, 0x0000000086d00000, 0x0000000086e00000|  0%| F|  |TAMS 0x0000000086d00000, 0x0000000086d00000| Untracked 
| 110|0x0000000086e00000, 0x0000000086e00000, 0x0000000086f00000|  0%| F|  |TAMS 0x0000000086e00000, 0x0000000086e00000| Untracked 
| 111|0x0000000086f00000, 0x0000000086f00000, 0x0000000087000000|  0%| F|  |TAMS 0x0000000086f00000, 0x0000000086f00000| Untracked 
| 112|0x0000000087000000, 0x0000000087000000, 0x0000000087100000|  0%| F|  |TAMS 0x0000000087000000, 0x0000000087000000| Untracked 
| 113|0x0000000087100000, 0x0000000087100000, 0x0000000087200000|  0%| F|  |TAMS 0x0000000087100000, 0x0000000087100000| Untracked 
| 114|0x0000000087200000, 0x0000000087200000, 0x0000000087300000|  0%| F|  |TAMS 0x0000000087200000, 0x0000000087200000| Untracked 
| 115|0x0000000087300000, 0x0000000087300000, 0x0000000087400000|  0%| F|  |TAMS 0x0000000087300000, 0x0000000087300000| Untracked 
| 116|0x0000000087400000, 0x0000000087400000, 0x0000000087500000|  0%| F|  |TAMS 0x0000000087400000, 0x0000000087400000| Untracked 
| 117|0x0000000087500000, 0x0000000087500000, 0x0000000087600000|  0%| F|  |TAMS 0x0000000087500000, 0x0000000087500000| Untracked 
| 118|0x0000000087600000, 0x0000000087600000, 0x0000000087700000|  0%| F|  |TAMS 0x0000000087600000, 0x0000000087600000| Untracked 
| 119|0x0000000087700000, 0x0000000087700000, 0x0000000087800000|  0%| F|  |TAMS 0x0000000087700000, 0x0000000087700000| Untracked 
| 120|0x0000000087800000, 0x0000000087800000, 0x0000000087900000|  0%| F|  |TAMS 0x0000000087800000, 0x0000000087800000| Untracked 
| 121|0x0000000087900000, 0x0000000087900000, 0x0000000087a00000|  0%| F|  |TAMS 0x0000000087900000, 0x0000000087900000| Untracked 
| 122|0x0000000087a00000, 0x0000000087a00000, 0x0000000087b00000|  0%| F|  |TAMS 0x0000000087a00000, 0x0000000087a00000| Untracked 
| 123|0x0000000087b00000, 0x0000000087b00000, 0x0000000087c00000|  0%| F|  |TAMS 0x0000000087b00000, 0x0000000087b00000| Untracked 
| 124|0x0000000087c00000, 0x0000000087c00000, 0x0000000087d00000|  0%| F|  |TAMS 0x0000000087c00000, 0x0000000087c00000| Untracked 
| 125|0x0000000087d00000, 0x0000000087d00000, 0x0000000087e00000|  0%| F|  |TAMS 0x0000000087d00000, 0x0000000087d00000| Untracked 
| 126|0x0000000087e00000, 0x0000000087e00000, 0x0000000087f00000|  0%| F|  |TAMS 0x0000000087e00000, 0x0000000087e00000| Untracked 
| 127|0x0000000087f00000, 0x0000000087f00000, 0x0000000088000000|  0%| F|  |TAMS 0x0000000087f00000, 0x0000000087f00000| Untracked 
| 128|0x0000000088000000, 0x0000000088000000, 0x0000000088100000|  0%| F|  |TAMS 0x0000000088000000, 0x0000000088000000| Untracked 
| 129|0x0000000088100000, 0x0000000088100000, 0x0000000088200000|  0%| F|  |TAMS 0x0000000088100000, 0x0000000088100000| Untracked 
| 130|0x0000000088200000, 0x0000000088200000, 0x0000000088300000|  0%| F|  |TAMS 0x0000000088200000, 0x0000000088200000| Untracked 
| 131|0x0000000088300000, 0x0000000088300000, 0x0000000088400000|  0%| F|  |TAMS 0x0000000088300000, 0x0000000088300000| Untracked 
| 132|0x0000000088400000, 0x0000000088400000, 0x0000000088500000|  0%| F|  |TAMS 0x0000000088400000, 0x0000000088400000| Untracked 
| 133|0x0000000088500000, 0x0000000088500000, 0x0000000088600000|  0%| F|  |TAMS 0x0000000088500000, 0x0000000088500000| Untracked 
| 134|0x0000000088600000, 0x0000000088600000, 0x0000000088700000|  0%| F|  |TAMS 0x0000000088600000, 0x0000000088600000| Untracked 
| 135|0x0000000088700000, 0x0000000088700000, 0x0000000088800000|  0%| F|  |TAMS 0x0000000088700000, 0x0000000088700000| Untracked 
| 136|0x0000000088800000, 0x0000000088800000, 0x0000000088900000|  0%| F|  |TAMS 0x0000000088800000, 0x0000000088800000| Untracked 
| 137|0x0000000088900000, 0x0000000088900000, 0x0000000088a00000|  0%| F|  |TAMS 0x0000000088900000, 0x0000000088900000| Untracked 
| 138|0x0000000088a00000, 0x0000000088a00000, 0x0000000088b00000|  0%| F|  |TAMS 0x0000000088a00000, 0x0000000088a00000| Untracked 
| 139|0x0000000088b00000, 0x0000000088b00000, 0x0000000088c00000|  0%| F|  |TAMS 0x0000000088b00000, 0x0000000088b00000| Untracked 
| 140|0x0000000088c00000, 0x0000000088c00000, 0x0000000088d00000|  0%| F|  |TAMS 0x0000000088c00000, 0x0000000088c00000| Untracked 
| 141|0x0000000088d00000, 0x0000000088d00000, 0x0000000088e00000|  0%| F|  |TAMS 0x0000000088d00000, 0x0000000088d00000| Untracked 
| 142|0x0000000088e00000, 0x0000000088e00000, 0x0000000088f00000|  0%| F|  |TAMS 0x0000000088e00000, 0x0000000088e00000| Untracked 
| 143|0x0000000088f00000, 0x0000000088f00000, 0x0000000089000000|  0%| F|  |TAMS 0x0000000088f00000, 0x0000000088f00000| Untracked 
| 144|0x0000000089000000, 0x0000000089000000, 0x0000000089100000|  0%| F|  |TAMS 0x0000000089000000, 0x0000000089000000| Untracked 
| 145|0x0000000089100000, 0x0000000089100000, 0x0000000089200000|  0%| F|  |TAMS 0x0000000089100000, 0x0000000089100000| Untracked 
| 146|0x0000000089200000, 0x0000000089200000, 0x0000000089300000|  0%| F|  |TAMS 0x0000000089200000, 0x0000000089200000| Untracked 
| 147|0x0000000089300000, 0x0000000089300000, 0x0000000089400000|  0%| F|  |TAMS 0x0000000089300000, 0x0000000089300000| Untracked 
| 148|0x0000000089400000, 0x0000000089400000, 0x0000000089500000|  0%| F|  |TAMS 0x0000000089400000, 0x0000000089400000| Untracked 
| 149|0x0000000089500000, 0x0000000089500000, 0x0000000089600000|  0%| F|  |TAMS 0x0000000089500000, 0x0000000089500000| Untracked 
| 150|0x0000000089600000, 0x0000000089600000, 0x0000000089700000|  0%| F|  |TAMS 0x0000000089600000, 0x0000000089600000| Untracked 
| 151|0x0000000089700000, 0x0000000089700000, 0x0000000089800000|  0%| F|  |TAMS 0x0000000089700000, 0x0000000089700000| Untracked 
| 152|0x0000000089800000, 0x0000000089800000, 0x0000000089900000|  0%| F|  |TAMS 0x0000000089800000, 0x0000000089800000| Untracked 
| 153|0x0000000089900000, 0x0000000089900000, 0x0000000089a00000|  0%| F|  |TAMS 0x0000000089900000, 0x0000000089900000| Untracked 
| 154|0x0000000089a00000, 0x0000000089a00000, 0x0000000089b00000|  0%| F|  |TAMS 0x0000000089a00000, 0x0000000089a00000| Untracked 
| 155|0x0000000089b00000, 0x0000000089b00000, 0x0000000089c00000|  0%| F|  |TAMS 0x0000000089b00000, 0x0000000089b00000| Untracked 
| 156|0x0000000089c00000, 0x0000000089c00000, 0x0000000089d00000|  0%| F|  |TAMS 0x0000000089c00000, 0x0000000089c00000| Untracked 
| 157|0x0000000089d00000, 0x0000000089d00000, 0x0000000089e00000|  0%| F|  |TAMS 0x0000000089d00000, 0x0000000089d00000| Untracked 
| 158|0x0000000089e00000, 0x0000000089e00000, 0x0000000089f00000|  0%| F|  |TAMS 0x0000000089e00000, 0x0000000089e00000| Untracked 
| 159|0x0000000089f00000, 0x0000000089f00000, 0x000000008a000000|  0%| F|  |TAMS 0x0000000089f00000, 0x0000000089f00000| Untracked 
| 160|0x000000008a000000, 0x000000008a000000, 0x000000008a100000|  0%| F|  |TAMS 0x000000008a000000, 0x000000008a000000| Untracked 
| 161|0x000000008a100000, 0x000000008a100000, 0x000000008a200000|  0%| F|  |TAMS 0x000000008a100000, 0x000000008a100000| Untracked 
| 162|0x000000008a200000, 0x000000008a200000, 0x000000008a300000|  0%| F|  |TAMS 0x000000008a200000, 0x000000008a200000| Untracked 
| 163|0x000000008a300000, 0x000000008a300000, 0x000000008a400000|  0%| F|  |TAMS 0x000000008a300000, 0x000000008a300000| Untracked 
| 164|0x000000008a400000, 0x000000008a400000, 0x000000008a500000|  0%| F|  |TAMS 0x000000008a400000, 0x000000008a400000| Untracked 
| 165|0x000000008a500000, 0x000000008a500000, 0x000000008a600000|  0%| F|  |TAMS 0x000000008a500000, 0x000000008a500000| Untracked 
| 166|0x000000008a600000, 0x000000008a600000, 0x000000008a700000|  0%| F|  |TAMS 0x000000008a600000, 0x000000008a600000| Untracked 
| 167|0x000000008a700000, 0x000000008a700000, 0x000000008a800000|  0%| F|  |TAMS 0x000000008a700000, 0x000000008a700000| Untracked 
| 168|0x000000008a800000, 0x000000008a800000, 0x000000008a900000|  0%| F|  |TAMS 0x000000008a800000, 0x000000008a800000| Untracked 
| 169|0x000000008a900000, 0x000000008a900000, 0x000000008aa00000|  0%| F|  |TAMS 0x000000008a900000, 0x000000008a900000| Untracked 
| 170|0x000000008aa00000, 0x000000008aa00000, 0x000000008ab00000|  0%| F|  |TAMS 0x000000008aa00000, 0x000000008aa00000| Untracked 
| 171|0x000000008ab00000, 0x000000008ab00000, 0x000000008ac00000|  0%| F|  |TAMS 0x000000008ab00000, 0x000000008ab00000| Untracked 
| 172|0x000000008ac00000, 0x000000008ac00000, 0x000000008ad00000|  0%| F|  |TAMS 0x000000008ac00000, 0x000000008ac00000| Untracked 
| 173|0x000000008ad00000, 0x000000008ad00000, 0x000000008ae00000|  0%| F|  |TAMS 0x000000008ad00000, 0x000000008ad00000| Untracked 
| 174|0x000000008ae00000, 0x000000008ae00000, 0x000000008af00000|  0%| F|  |TAMS 0x000000008ae00000, 0x000000008ae00000| Untracked 
| 175|0x000000008af00000, 0x000000008af00000, 0x000000008b000000|  0%| F|  |TAMS 0x000000008af00000, 0x000000008af00000| Untracked 
| 176|0x000000008b000000, 0x000000008b000000, 0x000000008b100000|  0%| F|  |TAMS 0x000000008b000000, 0x000000008b000000| Untracked 
| 177|0x000000008b100000, 0x000000008b100000, 0x000000008b200000|  0%| F|  |TAMS 0x000000008b100000, 0x000000008b100000| Untracked 
| 178|0x000000008b200000, 0x000000008b200000, 0x000000008b300000|  0%| F|  |TAMS 0x000000008b200000, 0x000000008b200000| Untracked 
| 179|0x000000008b300000, 0x000000008b300000, 0x000000008b400000|  0%| F|  |TAMS 0x000000008b300000, 0x000000008b300000| Untracked 
| 180|0x000000008b400000, 0x000000008b400000, 0x000000008b500000|  0%| F|  |TAMS 0x000000008b400000, 0x000000008b400000| Untracked 
| 181|0x000000008b500000, 0x000000008b500000, 0x000000008b600000|  0%| F|  |TAMS 0x000000008b500000, 0x000000008b500000| Untracked 
| 182|0x000000008b600000, 0x000000008b600000, 0x000000008b700000|  0%| F|  |TAMS 0x000000008b600000, 0x000000008b600000| Untracked 
| 183|0x000000008b700000, 0x000000008b700000, 0x000000008b800000|  0%| F|  |TAMS 0x000000008b700000, 0x000000008b700000| Untracked 
| 184|0x000000008b800000, 0x000000008b800000, 0x000000008b900000|  0%| F|  |TAMS 0x000000008b800000, 0x000000008b800000| Untracked 
| 185|0x000000008b900000, 0x000000008b900000, 0x000000008ba00000|  0%| F|  |TAMS 0x000000008b900000, 0x000000008b900000| Untracked 
| 186|0x000000008ba00000, 0x000000008ba00000, 0x000000008bb00000|  0%| F|  |TAMS 0x000000008ba00000, 0x000000008ba00000| Untracked 
| 187|0x000000008bb00000, 0x000000008bb00000, 0x000000008bc00000|  0%| F|  |TAMS 0x000000008bb00000, 0x000000008bb00000| Untracked 
| 188|0x000000008bc00000, 0x000000008bc00000, 0x000000008bd00000|  0%| F|  |TAMS 0x000000008bc00000, 0x000000008bc00000| Untracked 
| 189|0x000000008bd00000, 0x000000008bd00000, 0x000000008be00000|  0%| F|  |TAMS 0x000000008bd00000, 0x000000008bd00000| Untracked 

Card table byte_map: [0x00000240401b0000,0x00000240405b0000] _byte_map_base: 0x000002403fdb0000

Marking Bits (Prev, Next): (CMBitMap*) 0x000002402d616c00, (CMBitMap*) 0x000002402d616bc0
 Prev Bits: [0x00000240429b0000, 0x00000240449b0000)
 Next Bits: [0x00000240409b0000, 0x00000240429b0000)

Polling page: 0x000002402cd80000

Metaspace:

Usage:
  Non-class:     47.94 MB used.
      Class:      7.35 MB used.
       Both:     55.29 MB used.

Virtual space:
  Non-class space:       56.00 MB reserved,      48.19 MB ( 86%) committed,  7 nodes.
      Class space:        1.00 GB reserved,       7.56 MB ( <1%) committed,  1 nodes.
             Both:        1.05 GB reserved,      55.75 MB (  5%) committed. 

Chunk freelists:
   Non-Class:  2.88 MB
       Class:  457.00 KB
        Both:  3.32 MB

MaxMetaspaceSize: unlimited
CompressedClassSpaceSize: 1.00 GB
Initial GC threshold: 21.00 MB
Current GC threshold: 82.00 MB
CDS: off
MetaspaceReclaimPolicy: balanced
 - commit_granule_bytes: 65536.
 - commit_granule_words: 8192.
 - virtual_space_node_default_size: 1048576.
 - enlarge_chunks_in_place: 1.
 - new_chunks_are_fully_committed: 0.
 - uncommit_free_chunks: 1.
 - use_allocation_guard: 0.
 - handle_deallocations: 1.


Internal statistics:

num_allocs_failed_limit: 3.
num_arena_births: 500.
num_arena_deaths: 0.
num_vsnodes_births: 8.
num_vsnodes_deaths: 0.
num_space_committed: 892.
num_space_uncommitted: 0.
num_chunks_returned_to_freelist: 3.
num_chunks_taken_from_freelist: 2287.
num_chunk_merges: 3.
num_chunk_splits: 1452.
num_chunks_enlarged: 972.
num_purges: 0.
num_inconsistent_stats: 0.

CodeHeap 'non-profiled nmethods': size=120000Kb used=2662Kb max_used=3235Kb free=117337Kb
 bounds [0x0000024038550000, 0x0000024038880000, 0x000002403fa80000]
CodeHeap 'profiled nmethods': size=120000Kb used=8916Kb max_used=10197Kb free=111083Kb
 bounds [0x0000024030a80000, 0x0000024031480000, 0x0000024037fb0000]
CodeHeap 'non-nmethods': size=5760Kb used=2348Kb max_used=2413Kb free=3411Kb
 bounds [0x0000024037fb0000, 0x0000024038220000, 0x0000024038550000]
 total_blobs=5291 nmethods=4436 adapters=767
 compilation: enabled
              stopped_count=0, restarted_count=0
 full_count=0

Compilation events (20 events):
Event: 158.844 Thread 0x0000024048054490 nmethod 5192 0x0000024038813f90 code [0x0000024038814140, 0x0000024038814ab8]
Event: 159.846 Thread 0x0000024048054490 5193  s    4       java.lang.StringBuffer::append (13 bytes)
Event: 159.858 Thread 0x0000024048054490 nmethod 5193 0x0000024038813090 code [0x0000024038813240, 0x0000024038813b88]
Event: 161.749 Thread 0x0000024048054f30 5194       3       org.gradle.internal.serialize.InputStreamBackedDecoder::readLong (8 bytes)
Event: 161.749 Thread 0x0000024048054f30 nmethod 5194 0x0000024031158190 code [0x0000024031158340, 0x0000024031158488]
Event: 167.456 Thread 0x0000024048054490 5195       4       java.lang.invoke.DirectMethodHandle$Holder::newInvokeSpecial (21 bytes)
Event: 167.459 Thread 0x0000024048054490 nmethod 5195 0x0000024038812b10 code [0x0000024038812ca0, 0x0000024038812e88]
Event: 170.447 Thread 0x0000024048054f30 5196       3       java.util.concurrent.ThreadPoolExecutor$Worker::tryRelease (12 bytes)
Event: 170.447 Thread 0x0000024048054f30 nmethod 5196 0x00000240310b2190 code [0x00000240310b2320, 0x00000240310b2498]
Event: 171.459 Thread 0x0000024048054f30 5197       3       java.util.concurrent.ThreadPoolExecutor$Worker::unlock (7 bytes)
Event: 171.459 Thread 0x0000024048054f30 nmethod 5197 0x0000024030a82310 code [0x0000024030a824c0, 0x0000024030a82728]
Event: 180.462 Thread 0x0000024048054f30 5198       3       java.util.concurrent.ThreadPoolExecutor$Worker::lock (6 bytes)
Event: 180.462 Thread 0x0000024048054f30 nmethod 5198 0x00000240310c8f90 code [0x00000240310c9120, 0x00000240310c9268]
Event: 180.462 Thread 0x0000024048054f30 5199       3       java.util.concurrent.ThreadPoolExecutor$Worker::tryAcquire (20 bytes)
Event: 180.462 Thread 0x0000024048054f30 nmethod 5199 0x0000024030a81e90 code [0x0000024030a82040, 0x0000024030a82288]
Event: 180.462 Thread 0x0000024048054f30 5200       3       java.util.concurrent.ThreadPoolExecutor::beforeExecute (1 bytes)
Event: 180.462 Thread 0x0000024048054f30 nmethod 5200 0x00000240310e1690 code [0x00000240310e1820, 0x00000240310e1938]
Event: 180.898 Thread 0x0000024048054f30 5201       3       org.apache.http.util.LangUtils::hashCode (7 bytes)
Event: 180.899 Thread 0x0000024048054f30 nmethod 5201 0x0000024030a81b90 code [0x0000024030a81d20, 0x0000024030a81e18]
Event: 180.899 Thread 0x0000024048054490 5202       4       java.lang.StackTraceElement::toString (322 bytes)

GC Heap History (20 events):
Event: 3.197 GC heap after
{Heap after GC invocations=12 (full 0):
 garbage-first heap   total 101376K, used 48778K [0x0000000080000000, 0x0000000100000000)
  region size 1024K, 2 young (2048K), 2 survivors (2048K)
 Metaspace       used 34656K, committed 35072K, reserved 1081344K
  class space    used 4838K, committed 4992K, reserved 1048576K
}
Event: 3.532 GC heap before
{Heap before GC invocations=12 (full 0):
 garbage-first heap   total 101376K, used 77450K [0x0000000080000000, 0x0000000100000000)
  region size 1024K, 31 young (31744K), 2 survivors (2048K)
 Metaspace       used 41070K, committed 41472K, reserved 1089536K
  class space    used 5497K, committed 5696K, reserved 1048576K
}
Event: 3.535 GC heap after
{Heap after GC invocations=13 (full 0):
 garbage-first heap   total 101376K, used 53142K [0x0000000080000000, 0x0000000100000000)
  region size 1024K, 4 young (4096K), 4 survivors (4096K)
 Metaspace       used 41070K, committed 41472K, reserved 1089536K
  class space    used 5497K, committed 5696K, reserved 1048576K
}
Event: 3.626 GC heap before
{Heap before GC invocations=14 (full 0):
 garbage-first heap   total 102400K, used 67478K [0x0000000080000000, 0x0000000100000000)
  region size 1024K, 20 young (20480K), 4 survivors (4096K)
 Metaspace       used 41519K, committed 41984K, reserved 1089536K
  class space    used 5542K, committed 5760K, reserved 1048576K
}
Event: 3.629 GC heap after
{Heap after GC invocations=15 (full 0):
 garbage-first heap   total 102400K, used 55832K [0x0000000080000000, 0x0000000100000000)
  region size 1024K, 3 young (3072K), 3 survivors (3072K)
 Metaspace       used 41519K, committed 41984K, reserved 1089536K
  class space    used 5542K, committed 5760K, reserved 1048576K
}
Event: 4.151 GC heap before
{Heap before GC invocations=16 (full 0):
 garbage-first heap   total 102400K, used 83480K [0x0000000080000000, 0x0000000100000000)
  region size 1024K, 27 young (27648K), 3 survivors (3072K)
 Metaspace       used 45493K, committed 45888K, reserved 1089536K
  class space    used 6039K, committed 6208K, reserved 1048576K
}
Event: 4.154 GC heap after
{Heap after GC invocations=17 (full 0):
 garbage-first heap   total 102400K, used 56995K [0x0000000080000000, 0x0000000100000000)
  region size 1024K, 2 young (2048K), 2 survivors (2048K)
 Metaspace       used 45493K, committed 45888K, reserved 1089536K
  class space    used 6039K, committed 6208K, reserved 1048576K
}
Event: 4.277 GC heap before
{Heap before GC invocations=17 (full 0):
 garbage-first heap   total 102400K, used 61091K [0x0000000080000000, 0x0000000100000000)
  region size 1024K, 7 young (7168K), 2 survivors (2048K)
 Metaspace       used 45790K, committed 46208K, reserved 1089536K
  class space    used 6084K, committed 6272K, reserved 1048576K
}
Event: 4.280 GC heap after
{Heap after GC invocations=18 (full 0):
 garbage-first heap   total 102400K, used 57881K [0x0000000080000000, 0x0000000100000000)
  region size 1024K, 3 young (3072K), 3 survivors (3072K)
 Metaspace       used 45790K, committed 46208K, reserved 1089536K
  class space    used 6084K, committed 6272K, reserved 1048576K
}
Event: 4.693 GC heap before
{Heap before GC invocations=19 (full 0):
 garbage-first heap   total 111616K, used 88601K [0x0000000080000000, 0x0000000100000000)
  region size 1024K, 27 young (27648K), 3 survivors (3072K)
 Metaspace       used 48181K, committed 48640K, reserved 1097728K
  class space    used 6294K, committed 6528K, reserved 1048576K
}
Event: 4.696 GC heap after
{Heap after GC invocations=20 (full 0):
 garbage-first heap   total 111616K, used 67543K [0x0000000080000000, 0x0000000100000000)
  region size 1024K, 4 young (4096K), 4 survivors (4096K)
 Metaspace       used 48181K, committed 48640K, reserved 1097728K
  class space    used 6294K, committed 6528K, reserved 1048576K
}
Event: 4.703 GC heap before
{Heap before GC invocations=20 (full 0):
 garbage-first heap   total 111616K, used 68567K [0x0000000080000000, 0x0000000100000000)
  region size 1024K, 5 young (5120K), 4 survivors (4096K)
 Metaspace       used 48213K, committed 48704K, reserved 1097728K
  class space    used 6298K, committed 6528K, reserved 1048576K
}
Event: 4.705 GC heap after
{Heap after GC invocations=21 (full 0):
 garbage-first heap   total 111616K, used 67762K [0x0000000080000000, 0x0000000100000000)
  region size 1024K, 1 young (1024K), 1 survivors (1024K)
 Metaspace       used 48213K, committed 48704K, reserved 1097728K
  class space    used 6298K, committed 6528K, reserved 1048576K
}
Event: 4.903 GC heap before
{Heap before GC invocations=21 (full 0):
 garbage-first heap   total 111616K, used 91314K [0x0000000080000000, 0x0000000100000000)
  region size 1024K, 24 young (24576K), 1 survivors (1024K)
 Metaspace       used 49778K, committed 50304K, reserved 1097728K
  class space    used 6572K, committed 6784K, reserved 1048576K
}
Event: 4.906 GC heap after
{Heap after GC invocations=22 (full 0):
 garbage-first heap   total 111616K, used 69712K [0x0000000080000000, 0x0000000100000000)
  region size 1024K, 3 young (3072K), 3 survivors (3072K)
 Metaspace       used 49778K, committed 50304K, reserved 1097728K
  class space    used 6572K, committed 6784K, reserved 1048576K
}
Event: 5.187 GC heap before
{Heap before GC invocations=23 (full 0):
 garbage-first heap   total 122880K, used 92240K [0x0000000080000000, 0x0000000100000000)
  region size 1024K, 25 young (25600K), 3 survivors (3072K)
 Metaspace       used 52204K, committed 52736K, reserved 1097728K
  class space    used 6998K, committed 7232K, reserved 1048576K
}
Event: 5.191 GC heap after
{Heap after GC invocations=24 (full 0):
 garbage-first heap   total 122880K, used 71366K [0x0000000080000000, 0x0000000100000000)
  region size 1024K, 2 young (2048K), 2 survivors (2048K)
 Metaspace       used 52204K, committed 52736K, reserved 1097728K
  class space    used 6998K, committed 7232K, reserved 1048576K
}
Event: 5.272 GC heap before
{Heap before GC invocations=24 (full 0):
 garbage-first heap   total 122880K, used 75462K [0x0000000080000000, 0x0000000100000000)
  region size 1024K, 6 young (6144K), 2 survivors (2048K)
 Metaspace       used 54058K, committed 54528K, reserved 1097728K
  class space    used 7196K, committed 7424K, reserved 1048576K
}
Event: 5.274 GC heap after
{Heap after GC invocations=25 (full 0):
 garbage-first heap   total 122880K, used 71665K [0x0000000080000000, 0x0000000100000000)
  region size 1024K, 1 young (1024K), 1 survivors (1024K)
 Metaspace       used 54058K, committed 54528K, reserved 1097728K
  class space    used 7196K, committed 7424K, reserved 1048576K
}
Event: 180.900 GC heap before
{Heap before GC invocations=25 (full 0):
 garbage-first heap   total 122880K, used 99313K [0x0000000080000000, 0x0000000100000000)
  region size 1024K, 28 young (28672K), 1 survivors (1024K)
 Metaspace       used 56613K, committed 57088K, reserved 1105920K
  class space    used 7528K, committed 7744K, reserved 1048576K
}

Dll operation events (2 events):
Event: 0.006 Loaded shared library C:\Program Files\Android\Android Studio\jbr\bin\java.dll
Event: 0.315 Loaded shared library C:\Program Files\Android\Android Studio\jbr\bin\verify.dll

Deoptimization events (20 events):
Event: 6.461 Thread 0x0000024049829460 DEOPT PACKING pc=0x00000240387602a0 sp=0x000000816e6fef10
Event: 6.461 Thread 0x0000024049829460 DEOPT UNPACKING pc=0x000002403800a1a3 sp=0x000000816e6fee50 mode 2
Event: 7.459 Thread 0x0000024049829460 Uncommon trap: trap_request=0xffffffc6 fr.pc=0x00000240387602a0 relative=0x00000000000005a0
Event: 7.459 Thread 0x0000024049829460 Uncommon trap: reason=bimorphic_or_optimized_type_check action=maybe_recompile pc=0x00000240387602a0 method=java.util.stream.Sink$ChainedReference.cancellationRequested()Z @ 4 c2
Event: 7.459 Thread 0x0000024049829460 DEOPT PACKING pc=0x00000240387602a0 sp=0x000000816e6fef10
Event: 7.459 Thread 0x0000024049829460 DEOPT UNPACKING pc=0x000002403800a1a3 sp=0x000000816e6fee50 mode 2
Event: 71.592 Thread 0x00000240498285f0 DEOPT PACKING pc=0x0000024030bae4ae sp=0x000000816effdb10
Event: 71.592 Thread 0x00000240498285f0 DEOPT UNPACKING pc=0x000002403800ace3 sp=0x000000816effcfe0 mode 0
Event: 71.592 Thread 0x00000240498285f0 DEOPT PACKING pc=0x0000024030bb7200 sp=0x000000816effdaa0
Event: 71.592 Thread 0x00000240498285f0 DEOPT UNPACKING pc=0x000002403800ace3 sp=0x000000816effcf78 mode 0
Event: 71.593 Thread 0x00000240498285f0 DEOPT PACKING pc=0x0000024030bae4ae sp=0x000000816effdd90
Event: 71.593 Thread 0x00000240498285f0 DEOPT UNPACKING pc=0x000002403800ace3 sp=0x000000816effd260 mode 0
Event: 71.593 Thread 0x00000240498285f0 DEOPT PACKING pc=0x0000024030bb7200 sp=0x000000816effdd10
Event: 71.593 Thread 0x00000240498285f0 DEOPT UNPACKING pc=0x000002403800ace3 sp=0x000000816effd1e8 mode 0
Event: 71.593 Thread 0x00000240498285f0 DEOPT PACKING pc=0x0000024030bae4ae sp=0x000000816effe000
Event: 71.593 Thread 0x00000240498285f0 DEOPT UNPACKING pc=0x000002403800ace3 sp=0x000000816effd4d0 mode 0
Event: 71.593 Thread 0x00000240498285f0 DEOPT PACKING pc=0x0000024030bb7200 sp=0x000000816effdf90
Event: 71.593 Thread 0x00000240498285f0 DEOPT UNPACKING pc=0x000002403800ace3 sp=0x000000816effd468 mode 0
Event: 92.664 Thread 0x0000024049827c50 DEOPT PACKING pc=0x00000240314546d1 sp=0x000000816ecf6cc0
Event: 92.664 Thread 0x0000024049827c50 DEOPT UNPACKING pc=0x000002403800ace3 sp=0x000000816ecf61b8 mode 0

Classes unloaded (0 events):
No events

Classes redefined (0 events):
No events

Internal exceptions (20 events):
Event: 26.488 Thread 0x00000240498285f0 Exception <a 'java/lang/NoSuchMethodError'{0x000000008672c0f8}: static Lorg/gradle/internal/build/event/types/DefaultFileDownloadFailureResult;.<clinit>()V> (0x000000008672c0f8) 
thrown [s\src\hotspot\share\prims\jni.cpp, line 1108]
Event: 26.489 Thread 0x00000240498285f0 Exception <a 'java/lang/NoSuchMethodError'{0x000000008672d2c0}: static Lorg/gradle/internal/build/event/types/DefaultFailureResult;.<clinit>()V> (0x000000008672d2c0) 
thrown [s\src\hotspot\share\prims\jni.cpp, line 1108]
Event: 26.489 Thread 0x00000240498285f0 Exception <a 'java/lang/NoSuchMethodError'{0x000000008672e098}: static Lorg/gradle/internal/build/event/types/AbstractOperationResult;.<clinit>()V> (0x000000008672e098) 
thrown [s\src\hotspot\share\prims\jni.cpp, line 1108]
Event: 26.489 Thread 0x00000240498285f0 Exception <a 'java/lang/NoSuchMethodError'{0x000000008672f430}: static Lorg/gradle/internal/build/event/types/AbstractResult;.<clinit>()V> (0x000000008672f430) 
thrown [s\src\hotspot\share\prims\jni.cpp, line 1108]
Event: 26.492 Thread 0x00000240498285f0 Exception <a 'java/lang/NoSuchMethodError'{0x0000000086743b10}: static Lorg/gradle/internal/build/event/types/DefaultFailure;.<clinit>()V> (0x0000000086743b10) 
thrown [s\src\hotspot\share\prims\jni.cpp, line 1108]
Event: 48.540 Thread 0x0000024049827c50 Exception <a 'java/net/ConnectException'{0x00000000868d64f8}: Connection timed out: no further information> (0x00000000868d64f8) 
thrown [s\src\hotspot\share\prims\jni.cpp, line 536]
Event: 48.540 Thread 0x0000024049827c50 Exception <a 'java/net/SocketException'{0x00000000868d7d70}: Socket is not connected: shutdown> (0x00000000868d7d70) 
thrown [s\src\hotspot\share\prims\jni.cpp, line 536]
Event: 71.588 Thread 0x0000024049827c50 Exception <a 'java/net/ConnectException'{0x00000000866eb5d0}: Connection timed out: no further information> (0x00000000866eb5d0) 
thrown [s\src\hotspot\share\prims\jni.cpp, line 536]
Event: 71.588 Thread 0x0000024049827c50 Exception <a 'java/net/SocketException'{0x00000000866ece48}: Socket is not connected: shutdown> (0x00000000866ece48) 
thrown [s\src\hotspot\share\prims\jni.cpp, line 536]
Event: 71.594 Thread 0x0000024049827c50 Exception <a 'java/lang/ClassNotFoundException'{0x00000000864bd370}: sun/misc/SharedSecrets> (0x00000000864bd370) 
thrown [s\src\hotspot\share\classfile\systemDictionary.cpp, line 256]
Event: 92.660 Thread 0x0000024049827c50 Exception <a 'java/net/ConnectException'{0x00000000864dbbb8}: Connection timed out: no further information> (0x00000000864dbbb8) 
thrown [s\src\hotspot\share\prims\jni.cpp, line 536]
Event: 92.661 Thread 0x0000024049827c50 Exception <a 'java/net/SocketException'{0x00000000864dd430}: Socket is not connected: shutdown> (0x00000000864dd430) 
thrown [s\src\hotspot\share\prims\jni.cpp, line 536]
Event: 114.713 Thread 0x0000024049827c50 Exception <a 'java/net/ConnectException'{0x00000000862b0bb0}: Connection timed out: no further information> (0x00000000862b0bb0) 
thrown [s\src\hotspot\share\prims\jni.cpp, line 536]
Event: 114.713 Thread 0x0000024049827c50 Exception <a 'java/net/SocketException'{0x00000000862b2428}: Socket is not connected: shutdown> (0x00000000862b2428) 
thrown [s\src\hotspot\share\prims\jni.cpp, line 536]
Event: 137.782 Thread 0x0000024049827c50 Exception <a 'java/net/ConnectException'{0x000000008605b020}: Connection timed out: no further information> (0x000000008605b020) 
thrown [s\src\hotspot\share\prims\jni.cpp, line 536]
Event: 137.782 Thread 0x0000024049827c50 Exception <a 'java/net/SocketException'{0x000000008605c898}: Socket is not connected: shutdown> (0x000000008605c898) 
thrown [s\src\hotspot\share\prims\jni.cpp, line 536]
Event: 158.831 Thread 0x0000024049827c50 Exception <a 'java/net/ConnectException'{0x0000000085e31c80}: Connection timed out: no further information> (0x0000000085e31c80) 
thrown [s\src\hotspot\share\prims\jni.cpp, line 536]
Event: 158.831 Thread 0x0000024049827c50 Exception <a 'java/net/SocketException'{0x0000000085e334f8}: Socket is not connected: shutdown> (0x0000000085e334f8) 
thrown [s\src\hotspot\share\prims\jni.cpp, line 536]
Event: 180.898 Thread 0x0000024049827c50 Exception <a 'java/net/ConnectException'{0x0000000085ddc4b8}: Connection timed out: no further information> (0x0000000085ddc4b8) 
thrown [s\src\hotspot\share\prims\jni.cpp, line 536]
Event: 180.898 Thread 0x0000024049827c50 Exception <a 'java/net/SocketException'{0x0000000085dddd30}: Socket is not connected: shutdown> (0x0000000085dddd30) 
thrown [s\src\hotspot\share\prims\jni.cpp, line 536]

VM Operations (20 events):
Event: 81.870 Executing VM operation: Cleanup done
Event: 85.907 Executing VM operation: Cleanup
Event: 85.907 Executing VM operation: Cleanup done
Event: 90.952 Executing VM operation: Cleanup
Event: 90.952 Executing VM operation: Cleanup done
Event: 92.973 Executing VM operation: Cleanup
Event: 92.974 Executing VM operation: Cleanup done
Event: 126.280 Executing VM operation: Cleanup
Event: 126.280 Executing VM operation: Cleanup done
Event: 137.392 Executing VM operation: Cleanup
Event: 137.392 Executing VM operation: Cleanup done
Event: 138.401 Executing VM operation: Cleanup
Event: 138.401 Executing VM operation: Cleanup done
Event: 152.552 Executing VM operation: Cleanup
Event: 152.552 Executing VM operation: Cleanup done
Event: 159.642 Executing VM operation: Cleanup
Event: 159.642 Executing VM operation: Cleanup done
Event: 160.656 Executing VM operation: Cleanup
Event: 160.657 Executing VM operation: Cleanup done
Event: 180.900 Executing VM operation: G1CollectForAllocation

Events (20 events):
Event: 5.420 loading class java/net/SocksSocketImpl$3 done
Event: 5.713 Thread 0x0000024048ec0300 Thread exited: 0x0000024048ec0300
Event: 5.713 Thread 0x0000024049978f10 Thread exited: 0x0000024049978f10
Event: 11.747 loading class java/util/concurrent/LinkedBlockingDeque$Itr
Event: 11.747 loading class java/util/concurrent/LinkedBlockingDeque$AbstractItr
Event: 11.747 loading class java/util/concurrent/LinkedBlockingDeque$AbstractItr done
Event: 11.748 loading class java/util/concurrent/LinkedBlockingDeque$Itr done
Event: 26.468 loading class sun/net/util/SocketExceptions
Event: 26.468 loading class sun/net/util/SocketExceptions done
Event: 26.474 loading class java/lang/Throwable$WrappedPrintWriter
Event: 26.474 loading class java/lang/Throwable$PrintStreamOrWriter
Event: 26.474 loading class java/lang/Throwable$PrintStreamOrWriter done
Event: 26.474 loading class java/lang/Throwable$WrappedPrintWriter done
Event: 26.475 loading class java/lang/StackTraceElement$HashedModules
Event: 26.475 loading class java/lang/StackTraceElement$HashedModules done
Event: 61.845 Thread 0x0000024049828120 Thread exited: 0x0000024049828120
Event: 71.594 loading class sun/misc/SharedSecrets
Event: 71.594 loading class sun/misc/SharedSecrets done
Event: 71.598 Thread 0x000002404d58a670 Thread added: 0x000002404d58a670
Event: 71.743 Thread 0x000002404d58a670 Thread exited: 0x000002404d58a670


Dynamic libraries:
0x00007ff7e6f20000 - 0x00007ff7e6f2a000 	C:\Program Files\Android\Android Studio\jbr\bin\java.exe
0x00007ffc2fb50000 - 0x00007ffc2fd67000 	C:\Windows\SYSTEM32\ntdll.dll
0x00007ffc2e4b0000 - 0x00007ffc2e574000 	C:\Windows\System32\KERNEL32.DLL
0x00007ffc2d110000 - 0x00007ffc2d4b5000 	C:\Windows\System32\KERNELBASE.dll
0x00007ffc2cf30000 - 0x00007ffc2d041000 	C:\Windows\System32\ucrtbase.dll
0x00007ffc1f1a0000 - 0x00007ffc1f1bb000 	C:\Program Files\Android\Android Studio\jbr\bin\VCRUNTIME140.dll
0x00007ffc119c0000 - 0x00007ffc119d7000 	C:\Program Files\Android\Android Studio\jbr\bin\jli.dll
0x00007ffc2db80000 - 0x00007ffc2dd2e000 	C:\Windows\System32\USER32.dll
0x00007ffc2d4c0000 - 0x00007ffc2d4e6000 	C:\Windows\System32\win32u.dll
0x00007ffc2dd30000 - 0x00007ffc2dd59000 	C:\Windows\System32\GDI32.dll
0x00007ffc2d4f0000 - 0x00007ffc2d609000 	C:\Windows\System32\gdi32full.dll
0x00007ffc08f50000 - 0x00007ffc091e3000 	C:\Windows\WinSxS\amd64_microsoft.windows.common-controls_6595b64144ccf1df_6.0.22621.2506_none_270c5ae97388e100\COMCTL32.dll
0x00007ffc2d780000 - 0x00007ffc2d81a000 	C:\Windows\System32\msvcp_win.dll
0x00007ffc2da60000 - 0x00007ffc2db07000 	C:\Windows\System32\msvcrt.dll
0x00007ffc2e0e0000 - 0x00007ffc2e111000 	C:\Windows\System32\IMM32.DLL
0x00007ffc24fb0000 - 0x00007ffc24fbc000 	C:\Program Files\Android\Android Studio\jbr\bin\vcruntime140_1.dll
0x00007ffbeff80000 - 0x00007ffbf000d000 	C:\Program Files\Android\Android Studio\jbr\bin\msvcp140.dll
0x00007ffbe4200000 - 0x00007ffbe4e6e000 	C:\Program Files\Android\Android Studio\jbr\bin\server\jvm.dll
0x00007ffc2dfa0000 - 0x00007ffc2e051000 	C:\Windows\System32\ADVAPI32.dll
0x00007ffc2e3e0000 - 0x00007ffc2e486000 	C:\Windows\System32\sechost.dll
0x00007ffc2efe0000 - 0x00007ffc2f0f7000 	C:\Windows\System32\RPCRT4.dll
0x00007ffc28030000 - 0x00007ffc2803a000 	C:\Windows\SYSTEM32\VERSION.dll
0x00007ffc29c30000 - 0x00007ffc29c39000 	C:\Windows\SYSTEM32\WSOCK32.dll
0x00007ffc28330000 - 0x00007ffc28364000 	C:\Windows\SYSTEM32\WINMM.dll
0x00007ffc2e060000 - 0x00007ffc2e0d1000 	C:\Windows\System32\WS2_32.dll
0x00007ffc2bfb0000 - 0x00007ffc2bfc8000 	C:\Windows\SYSTEM32\kernel.appcore.dll
0x00007ffc284b0000 - 0x00007ffc284ba000 	C:\Program Files\Android\Android Studio\jbr\bin\jimage.dll
0x00007ffc2b300000 - 0x00007ffc2b533000 	C:\Windows\SYSTEM32\DBGHELP.DLL
0x00007ffc2ec30000 - 0x00007ffc2efb9000 	C:\Windows\System32\combase.dll
0x00007ffc2e640000 - 0x00007ffc2e717000 	C:\Windows\System32\OLEAUT32.dll
0x00007ffc21a90000 - 0x00007ffc21ac2000 	C:\Windows\SYSTEM32\dbgcore.DLL
0x00007ffc2d820000 - 0x00007ffc2d89a000 	C:\Windows\System32\bcryptPrimitives.dll
0x00007ffc1efe0000 - 0x00007ffc1f005000 	C:\Program Files\Android\Android Studio\jbr\bin\java.dll
0x00007ffc1d080000 - 0x00007ffc1d098000 	C:\Program Files\Android\Android Studio\jbr\bin\zip.dll
0x00007ffc2f2b0000 - 0x00007ffc2fb09000 	C:\Windows\System32\SHELL32.dll
0x00007ffc2a950000 - 0x00007ffc2b244000 	C:\Windows\SYSTEM32\windows.storage.dll
0x00007ffc2a810000 - 0x00007ffc2a94e000 	C:\Windows\SYSTEM32\wintypes.dll
0x00007ffc2e120000 - 0x00007ffc2e213000 	C:\Windows\System32\SHCORE.dll
0x00007ffc2da00000 - 0x00007ffc2da5e000 	C:\Windows\System32\shlwapi.dll
0x00007ffc2cdf0000 - 0x00007ffc2ce16000 	C:\Windows\SYSTEM32\profapi.dll
0x00007ffc1ced0000 - 0x00007ffc1cee9000 	C:\Program Files\Android\Android Studio\jbr\bin\net.dll
0x00007ffc29540000 - 0x00007ffc29677000 	C:\Windows\SYSTEM32\WINHTTP.dll
0x00007ffc2c430000 - 0x00007ffc2c499000 	C:\Windows\system32\mswsock.dll
0x00007ffc17b10000 - 0x00007ffc17b26000 	C:\Program Files\Android\Android Studio\jbr\bin\nio.dll
0x00007ffc28430000 - 0x00007ffc28440000 	C:\Program Files\Android\Android Studio\jbr\bin\verify.dll
0x00007ffc24310000 - 0x00007ffc24337000 	C:\Users\SUMBAR\.gradle\native\e1d6ef7f7dcc3fd88c89a11ec53ec762bb8ba0a96d01ffa2cd45eb1d1d8dd5c5\windows-amd64\native-platform.dll
0x00007ffc20530000 - 0x00007ffc20674000 	C:\Users\SUMBAR\.gradle\native\0d407fdbe67a94daf76414ababcb853783967236a71b16ec16e742cd7a986fd3\windows-amd64\native-platform-file-events.dll
0x00007ffc27a50000 - 0x00007ffc27a59000 	C:\Program Files\Android\Android Studio\jbr\bin\management.dll
0x00007ffc24db0000 - 0x00007ffc24dbb000 	C:\Program Files\Android\Android Studio\jbr\bin\management_ext.dll
0x00007ffc2e720000 - 0x00007ffc2e728000 	C:\Windows\System32\PSAPI.DLL
0x00007ffc2c690000 - 0x00007ffc2c6ab000 	C:\Windows\SYSTEM32\CRYPTSP.dll
0x00007ffc2bf10000 - 0x00007ffc2bf45000 	C:\Windows\system32\rsaenh.dll
0x00007ffc2c520000 - 0x00007ffc2c54c000 	C:\Windows\SYSTEM32\USERENV.dll
0x00007ffc2c870000 - 0x00007ffc2c898000 	C:\Windows\SYSTEM32\bcrypt.dll
0x00007ffc2c680000 - 0x00007ffc2c68c000 	C:\Windows\SYSTEM32\CRYPTBASE.dll
0x00007ffc2b9c0000 - 0x00007ffc2b9ed000 	C:\Windows\SYSTEM32\IPHLPAPI.DLL
0x00007ffc2df00000 - 0x00007ffc2df09000 	C:\Windows\System32\NSI.dll
0x00007ffc28e70000 - 0x00007ffc28e89000 	C:\Windows\SYSTEM32\dhcpcsvc6.DLL
0x00007ffc28990000 - 0x00007ffc289af000 	C:\Windows\SYSTEM32\dhcpcsvc.DLL
0x00007ffc2b9f0000 - 0x00007ffc2bae9000 	C:\Windows\SYSTEM32\DNSAPI.dll
0x00007ffc21360000 - 0x00007ffc21368000 	C:\Windows\system32\wshunix.dll

dbghelp: loaded successfully - version: 4.0.5 - missing functions: none
symbol engine: initialized successfully - sym options: 0x614 - pdb path: .;C:\Program Files\Android\Android Studio\jbr\bin;C:\Windows\SYSTEM32;C:\Windows\WinSxS\amd64_microsoft.windows.common-controls_6595b64144ccf1df_6.0.22621.2506_none_270c5ae97388e100;C:\Program Files\Android\Android Studio\jbr\bin\server;C:\Users\SUMBAR\.gradle\native\e1d6ef7f7dcc3fd88c89a11ec53ec762bb8ba0a96d01ffa2cd45eb1d1d8dd5c5\windows-amd64;C:\Users\SUMBAR\.gradle\native\0d407fdbe67a94daf76414ababcb853783967236a71b16ec16e742cd7a986fd3\windows-amd64

VM Arguments:
jvm_args: --add-opens=java.base/java.util=ALL-UNNAMED --add-opens=java.base/java.lang=ALL-UNNAMED --add-opens=java.base/java.lang.invoke=ALL-UNNAMED --add-opens=java.base/java.util=ALL-UNNAMED --add-opens=java.prefs/java.util.prefs=ALL-UNNAMED --add-opens=java.prefs/java.util.prefs=ALL-UNNAMED --add-opens=java.base/java.nio.charset=ALL-UNNAMED --add-opens=java.base/java.net=ALL-UNNAMED --add-opens=java.base/java.util.concurrent.atomic=ALL-UNNAMED -Xmx2048m -Dfile.encoding=UTF-8 -Duser.country=US -Duser.language=en -Duser.variant 
java_command: org.gradle.launcher.daemon.bootstrap.GradleDaemon 7.5
java_class_path (initial): C:\Users\SUMBAR\.gradle\wrapper\dists\gradle-7.5-bin\f1w0cc9nuo0eivz97x2xlu9sv\gradle-7.5\lib\gradle-launcher-7.5.jar
Launcher Type: SUN_STANDARD

[Global flags]
     intx CICompilerCount                          = 4                                         {product} {ergonomic}
     uint ConcGCThreads                            = 2                                         {product} {ergonomic}
     uint G1ConcRefinementThreads                  = 8                                         {product} {ergonomic}
   size_t G1HeapRegionSize                         = 1048576                                   {product} {ergonomic}
    uintx GCDrainStackTargetSize                   = 64                                        {product} {ergonomic}
   size_t InitialHeapSize                          = 199229440                                 {product} {ergonomic}
   size_t MarkStackSize                            = 4194304                                   {product} {ergonomic}
   size_t MaxHeapSize                              = 2147483648                                {product} {command line}
   size_t MaxNewSize                               = 1287651328                                {product} {ergonomic}
   size_t MinHeapDeltaBytes                        = 1048576                                   {product} {ergonomic}
   size_t MinHeapSize                              = 8388608                                   {product} {ergonomic}
    uintx NonNMethodCodeHeapSize                   = 5839372                                {pd product} {ergonomic}
    uintx NonProfiledCodeHeapSize                  = 122909434                              {pd product} {ergonomic}
    uintx ProfiledCodeHeapSize                     = 122909434                              {pd product} {ergonomic}
    uintx ReservedCodeCacheSize                    = 251658240                              {pd product} {ergonomic}
     bool SegmentedCodeCache                       = true                                      {product} {ergonomic}
   size_t SoftMaxHeapSize                          = 2147483648                             {manageable} {ergonomic}
     bool UseCompressedClassPointers               = true                           {product lp64_product} {ergonomic}
     bool UseCompressedOops                        = true                           {product lp64_product} {ergonomic}
     bool UseG1GC                                  = true                                      {product} {ergonomic}
     bool UseLargePagesIndividualAllocation        = false                                  {pd product} {ergonomic}

Logging:
Log output configuration:
 #0: stdout all=warning uptime,level,tags
 #1: stderr all=off uptime,level,tags

Environment Variables:
PATH=C:\Windows\system32;C:\Windows;C:\Windows\System32\Wbem;C:\Windows\System32\WindowsPowerShell\v1.0\;C:\Windows\System32\OpenSSH\;C:\Program Files (x86)\NVIDIA Corporation\PhysX\Common;C:\Program Files\Git\cmd;C:\Users\SUMBAR\AppData\Local\Microsoft\WindowsApps;
USERNAME=SUMBAR
OS=Windows_NT
PROCESSOR_IDENTIFIER=Intel64 Family 6 Model 140 Stepping 1, GenuineIntel
TMP=C:\Users\SUMBAR\AppData\Local\Temp
TEMP=C:\Users\SUMBAR\AppData\Local\Temp


JNI global refs:
JNI global refs: 24, weak refs: 0

JNI global refs memory usage: 843, weak refs: 841


---------------  S Y S T E M  ---------------

OS:
 Windows 11 , 64 bit Build 22621 (10.0.22621.2506)
OS uptime: 2 days 3:20 hours

CPU: total 8 (initial active 8) (4 cores per cpu, 2 threads per core) family 6 model 140 stepping 1 microcode 0x8a, cx8, cmov, fxsr, ht, mmx, 3dnowpref, sse, sse2, sse3, ssse3, sse4.1, sse4.2, popcnt, lzcnt, tsc, tscinvbit, avx, avx2, aes, erms, clmul, bmi1, bmi2, adx, avx512f, avx512dq, avx512cd, avx512bw, avx512vl, sha, fma, vzeroupper, avx512_vpopcntdq, avx512_vpclmulqdq, avx512_vaes, avx512_vnni, clflush, clflushopt, clwb, avx512_vbmi2, avx512_vbmi

Memory: 4k page, system-wide physical 12087M (1576M free)
TotalPageFile size 25431M (AvailPageFile size 20M)
current process WorkingSet (physical memory assigned to process): 271M, peak: 308M
current process commit charge ("private bytes"): 375M, peak: 416M

vm_info: OpenJDK 64-Bit Server VM (17.0.6+0-b2043.56-10027231) for windows-amd64 JRE (17.0.6+0-b2043.56-10027231), built on Apr 28 2023 00:43:19 by "androidbuild" with MS VC++ 16.10 / 16.11 (VS2019)

END.
